IMLib/build/intermediates/manifest_merge_blame_file/debug/manifest-merger-blame-debug-report.txt
1<?xml version="1.0" encoding="utf-8"?>
2<manifest xmlns:android="http://schemas.android.com/apk/res/android"
3    package="io.rong.libcore"
4    android:versionCode="20210119"
5    android:versionName="5.0.0" >
6
7    <uses-sdk
8        android:minSdkVersion="19"
8-->Meet\IMLib\AndroidManifest.xml
9        android:targetSdkVersion="29" />
9-->Meet\IMLib\AndroidManifest.xml
10
11    <!-- 保存图片，拍照等 -->
12    <uses-permission android:name="android.permission.WRITE_EXTERNAL_STORAGE" />
12-->Meet\IMLib\AndroidManifest.xml:5:5-81
12-->Meet\IMLib\AndroidManifest.xml:5:22-78
13    <uses-permission android:name="android.permission.READ_EXTERNAL_STORAGE" />
13-->Meet\IMLib\AndroidManifest.xml:6:5-80
13-->Meet\IMLib\AndroidManifest.xml:6:22-77
14    <!-- 网络 -->
15    <uses-permission android:name="android.permission.INTERNET" />
15-->Meet\IMLib\AndroidManifest.xml:8:5-67
15-->Meet\IMLib\AndroidManifest.xml:8:22-64
16    <uses-permission android:name="android.permission.ACCESS_NETWORK_STATE" />
16-->Meet\IMLib\AndroidManifest.xml:9:5-79
16-->Meet\IMLib\AndroidManifest.xml:9:22-76
17    <uses-permission android:name="android.permission.ACCESS_WIFI_STATE" />
17-->Meet\IMLib\AndroidManifest.xml:10:5-76
17-->Meet\IMLib\AndroidManifest.xml:10:22-73
18    <!-- 消息通道保活 -->
19    <uses-permission android:name="android.permission.WAKE_LOCK" />
19-->Meet\IMLib\AndroidManifest.xml:12:5-68
19-->Meet\IMLib\AndroidManifest.xml:12:22-65
20    <!-- 定位，如果您需要定位相关的功能，可以打开以下注释 -->
21    <uses-permission android:name="android.permission.ACCESS_FINE_LOCATION" />
21-->Meet\IMLib\AndroidManifest.xml:14:6-80
21-->Meet\IMLib\AndroidManifest.xml:14:23-77
22
23    <application>
23-->Meet\IMLib\AndroidManifest.xml:16:5-63:19
24        <meta-data
24-->Meet\IMLib\AndroidManifest.xml:18:9-20:44
25            android:name="RONG_CLOUD_APP_KEY"
25-->Meet\IMLib\AndroidManifest.xml:19:13-46
26            android:value="lmxuhwagl6uwd" />
26-->Meet\IMLib\AndroidManifest.xml:20:13-42
27
28        <!-- imlib config begin -->
29        <service
29-->Meet\IMLib\AndroidManifest.xml:24:9-26:38
30            android:name="io.rong.imlib.ipc.RongService"
30-->Meet\IMLib\AndroidManifest.xml:25:13-57
31            android:process=":ipc" />
31-->Meet\IMLib\AndroidManifest.xml:26:13-35
32
33        <receiver android:name="io.rong.imlib.ConnectChangeReceiver" />
33-->Meet\IMLib\AndroidManifest.xml:28:9-72
33-->Meet\IMLib\AndroidManifest.xml:28:19-69
34        <receiver
34-->Meet\IMLib\AndroidManifest.xml:30:9-32:38
35            android:name="io.rong.imlib.HeartbeatReceiver"
35-->Meet\IMLib\AndroidManifest.xml:31:13-59
36            android:process=":ipc" />
36-->Meet\IMLib\AndroidManifest.xml:32:13-35
37        <!-- imlib config end -->
38
39
40        <!-- 必选： SDK 核心功能 -->
41        <service
41-->Meet\IMLib\AndroidManifest.xml:36:9-40:46
42            android:name="io.rong.push.rongpush.PushService"
42-->Meet\IMLib\AndroidManifest.xml:37:13-61
43            android:exported="true"
43-->Meet\IMLib\AndroidManifest.xml:38:13-36
44            android:permission="android.permission.BIND_JOB_SERVICE"
44-->Meet\IMLib\AndroidManifest.xml:39:13-69
45            android:process="io.rong.push" />
45-->Meet\IMLib\AndroidManifest.xml:40:13-43
46
47        <!-- push 相关事件接收器 -->
48        <receiver
48-->Meet\IMLib\AndroidManifest.xml:43:9-58:20
49            android:name="io.rong.push.rongpush.PushReceiver"
49-->Meet\IMLib\AndroidManifest.xml:44:13-62
50            android:process="io.rong.push" > <!-- 此处进程可以改名，名称需要和PushService所在进程统一 -->
50-->Meet\IMLib\AndroidManifest.xml:45:13-43
51            <!-- 心跳事件和网络切换事件监听,必须 -->
52            <intent-filter>
52-->Meet\IMLib\AndroidManifest.xml:47:13-50:29
53                <action android:name="io.rong.push.intent.action.HEART_BEAT" />
53-->Meet\IMLib\AndroidManifest.xml:48:17-80
53-->Meet\IMLib\AndroidManifest.xml:48:25-77
54                <action android:name="android.net.conn.CONNECTIVITY_CHANGE" />
54-->Meet\IMLib\AndroidManifest.xml:49:17-79
54-->Meet\IMLib\AndroidManifest.xml:49:25-76
55            </intent-filter>
56
57            <!-- 部分用户事件监听, 用来提高推送拉活率; 可移除 -->
58            <intent-filter>
58-->Meet\IMLib\AndroidManifest.xml:53:13-57:29
59                <action android:name="android.intent.action.USER_PRESENT" />
59-->Meet\IMLib\AndroidManifest.xml:54:17-77
59-->Meet\IMLib\AndroidManifest.xml:54:25-74
60                <action android:name="android.intent.action.ACTION_POWER_CONNECTED" />
60-->Meet\IMLib\AndroidManifest.xml:55:17-87
60-->Meet\IMLib\AndroidManifest.xml:55:25-84
61                <action android:name="android.intent.action.ACTION_POWER_DISCONNECTED" />
61-->Meet\IMLib\AndroidManifest.xml:56:17-90
61-->Meet\IMLib\AndroidManifest.xml:56:25-87
62            </intent-filter>
63        </receiver>
64
65        <!-- 必选： SDK 核心功能 -->
66
67
68        <!-- end -->
69    </application>
70
71</manifest>